app/build/outputs/logs/manifest-merger-debug-report.txt
-- Merging decision tree log ---
manifest
ADDED from src\main\AndroidManifest.xml:22:1-133:12
INJECTED from src\main\AndroidManifest.xml:22:1-133:12
INJECTED from src\main\AndroidManifest.xml:22:1-133:12
	package
		ADDED from src\main\AndroidManifest.xml:23:5-42
		INJECTED from src\main\AndroidManifest.xml
		INJECTED from src\main\AndroidManifest.xml
	xmlns:android
		ADDED from src\main\AndroidManifest.xml:22:11-69
uses-sdk
ADDED from src\main\AndroidManifest.xml:25:5-44
INJECTED from src\main\AndroidManifest.xml:25:5-44
INJECTED from src\main\AndroidManifest.xml:25:5-44
INJECTED from src\main\AndroidManifest.xml:25:5-44
INJECTED from src\main\AndroidManifest.xml:25:5-44
	android:targetSdkVersion
		INJECTED from src\main\AndroidManifest.xml
		ADDED from src\main\AndroidManifest.xml:25:5-44
		INJECTED from src\main\AndroidManifest.xml
	android:minSdkVersion
		ADDED from src\main\AndroidManifest.xml:25:15-41
		INJECTED from src\main\AndroidManifest.xml
		INJECTED from src\main\AndroidManifest.xml
uses-permission#android.permission.MOUNT_UNMOUNT_FILESYSTEMS
ADDED from src\main\AndroidManifest.xml:27:5-83
	android:name
		ADDED from src\main\AndroidManifest.xml:27:22-81
uses-permission#android.permission.WRITE_EXTERNAL_STORAGE
ADDED from src\main\AndroidManifest.xml:29:5-80
	android:name
		ADDED from src\main\AndroidManifest.xml:29:22-78
application
ADDED from src\main\AndroidManifest.xml:31:5-131:19
	android:label
		ADDED from src\main\AndroidManifest.xml:32:9-41
	android:icon
		ADDED from src\main\AndroidManifest.xml:31:18-52
provider#com.example.android.notepad.NotePadProvider
ADDED from src\main\AndroidManifest.xml:34:9-38:20
	android:authorities
		ADDED from src\main\AndroidManifest.xml:35:13-62
	android:exported
		ADDED from src\main\AndroidManifest.xml:36:13-37
	android:name
		ADDED from src\main\AndroidManifest.xml:34:19-49
grant-uri-permission
ADDED from src\main\AndroidManifest.xml:37:13-62
	android:pathPattern
		ADDED from src\main\AndroidManifest.xml:37:35-59
activity#com.example.android.notepad.NotesList
ADDED from src\main\AndroidManifest.xml:40:9-57:20
	android:label
		ADDED from src\main\AndroidManifest.xml:40:44-84
	android:name
		ADDED from src\main\AndroidManifest.xml:40:19-43
intent-filter#android.intent.action.MAIN+android.intent.category.LAUNCHER
ADDED from src\main\AndroidManifest.xml:41:13-44:29
action#android.intent.action.MAIN
ADDED from src\main\AndroidManifest.xml:42:17-69
	android:name
		ADDED from src\main\AndroidManifest.xml:42:25-66
category#android.intent.category.LAUNCHER
ADDED from src\main\AndroidManifest.xml:43:17-77
	android:name
		ADDED from src\main\AndroidManifest.xml:43:27-74
intent-filter#android.intent.action.EDIT+android.intent.action.PICK+android.intent.action.VIEW+android.intent.category.DEFAULT
ADDED from src\main\AndroidManifest.xml:45:13-51:29
action#android.intent.action.VIEW
ADDED from src\main\AndroidManifest.xml:46:17-69
	android:name
		ADDED from src\main\AndroidManifest.xml:46:25-66
action#android.intent.action.EDIT
ADDED from src\main\AndroidManifest.xml:47:17-69
	android:name
		ADDED from src\main\AndroidManifest.xml:47:25-66
action#android.intent.action.PICK
ADDED from src\main\AndroidManifest.xml:48:17-69
	android:name
		ADDED from src\main\AndroidManifest.xml:48:25-66
category#android.intent.category.DEFAULT
ADDED from src\main\AndroidManifest.xml:49:17-76
	android:name
		ADDED from src\main\AndroidManifest.xml:49:27-73
data
ADDED from src\main\AndroidManifest.xml:50:17-83
	android:mimeType
		ADDED from src\main\AndroidManifest.xml:50:23-80
intent-filter#android.intent.action.GET_CONTENT+android.intent.category.DEFAULT
ADDED from src\main\AndroidManifest.xml:52:13-56:29
action#android.intent.action.GET_CONTENT
ADDED from src\main\AndroidManifest.xml:53:17-76
	android:name
		ADDED from src\main\AndroidManifest.xml:53:25-73
activity#com.example.android.notepad.NoteEditor
ADDED from src\main\AndroidManifest.xml:59:9-85:20
	android:screenOrientation
		ADDED from src\main\AndroidManifest.xml:61:13-47
	android:configChanges
		ADDED from src\main\AndroidManifest.xml:62:13-63
	android:theme
		ADDED from src\main\AndroidManifest.xml:60:13-60
	android:name
		ADDED from src\main\AndroidManifest.xml:59:19-44
intent-filter#android.intent.action.EDIT+android.intent.action.VIEW+android.intent.category.DEFAULT+com.android.notepad.action.EDIT_NOTE
ADDED from src\main\AndroidManifest.xml:66:13-72:29
	android:label
		ADDED from src\main\AndroidManifest.xml:66:28-64
action#com.android.notepad.action.EDIT_NOTE
ADDED from src\main\AndroidManifest.xml:69:17-79
	android:name
		ADDED from src\main\AndroidManifest.xml:69:25-76
intent-filter#android.intent.action.INSERT+android.intent.action.PASTE+android.intent.category.DEFAULT
ADDED from src\main\AndroidManifest.xml:78:13-83:29
action#android.intent.action.INSERT
ADDED from src\main\AndroidManifest.xml:79:17-71
	android:name
		ADDED from src\main\AndroidManifest.xml:79:25-68
action#android.intent.action.PASTE
ADDED from src\main\AndroidManifest.xml:80:17-70
	android:name
		ADDED from src\main\AndroidManifest.xml:80:25-67
activity#com.example.android.notepad.TitleEditor
ADDED from src\main\AndroidManifest.xml:87:9-112:20
	android:label
		ADDED from src\main\AndroidManifest.xml:88:13-53
	android:windowSoftInputMode
		ADDED from src\main\AndroidManifest.xml:91:13-55
	android:icon
		ADDED from src\main\AndroidManifest.xml:89:13-50
	android:theme
		ADDED from src\main\AndroidManifest.xml:90:13-61
	android:name
		ADDED from src\main\AndroidManifest.xml:87:19-45
intent-filter#android.intent.category.ALTERNATIVE+android.intent.category.DEFAULT+android.intent.category.SELECTED_ALTERNATIVE+com.android.notepad.action.EDIT_TITLE
ADDED from src\main\AndroidManifest.xml:96:13-111:29
	android:label
		ADDED from src\main\AndroidManifest.xml:96:28-65
action#com.android.notepad.action.EDIT_TITLE
ADDED from src\main\AndroidManifest.xml:100:17-80
	android:name
		ADDED from src\main\AndroidManifest.xml:100:25-77
category#android.intent.category.ALTERNATIVE
ADDED from src\main\AndroidManifest.xml:105:17-80
	android:name
		ADDED from src\main\AndroidManifest.xml:105:27-77
category#android.intent.category.SELECTED_ALTERNATIVE
ADDED from src\main\AndroidManifest.xml:108:17-89
	android:name
		ADDED from src\main\AndroidManifest.xml:108:27-86
activity#com.example.android.notepad.OutputNote
ADDED from src\main\AndroidManifest.xml:114:9-118:20
	android:label
		ADDED from src\main\AndroidManifest.xml:115:13-40
	android:windowSoftInputMode
		ADDED from src\main\AndroidManifest.xml:117:13-55
	android:theme
		ADDED from src\main\AndroidManifest.xml:116:13-61
	android:name
		ADDED from src\main\AndroidManifest.xml:114:19-44
activity#com.example.android.notepad.NotesLiveFolder
ADDED from src\main\AndroidManifest.xml:120:9-126:20
	android:label
		ADDED from src\main\AndroidManifest.xml:120:50-90
	android:icon
		ADDED from src\main\AndroidManifest.xml:121:13-55
	android:name
		ADDED from src\main\AndroidManifest.xml:120:19-49
intent-filter#android.intent.action.CREATE_LIVE_FOLDER+android.intent.category.DEFAULT
ADDED from src\main\AndroidManifest.xml:122:13-125:29
action#android.intent.action.CREATE_LIVE_FOLDER
ADDED from src\main\AndroidManifest.xml:123:17-83
	android:name
		ADDED from src\main\AndroidManifest.xml:123:25-80
activity#com.example.android.notepad.NoteSearch
ADDED from src\main\AndroidManifest.xml:127:9-130:20
	android:label
		ADDED from src\main\AndroidManifest.xml:129:13-55
	android:name
		ADDED from src\main\AndroidManifest.xml:128:13-38